

***********************************************************************
Fatal NI connect error 12514, connecting to:
 (DESCRIPTION=(ADDRESS=(PROTOCOL=tcp)(HOST=10.36.214.31)(PORT=1521))(CONNECT_DATA=(SERVICE_NAME=EBSUAT)(CID=(PROGRAM=sqlplus)(HOST=uatebsapp01.hil.com)(USER=ebsuatapp))))

  VERSION INFORMATION:
	TNS for Linux: Version 10.1.0.5.0 - Production
	TCP/IP NT Protocol Adapter for Linux: Version 10.1.0.5.0 - Production
  Time: 28-SEP-2021 18:37:02
  Tracing not turned on.
  Tns error struct:
    ns main err code: 12564
    TNS-12564: TNS:connection refused


***********************************************************************
Fatal NI connect error 12514, connecting to:
 (DESCRIPTION=(ADDRESS=(PROTOCOL=tcp)(HOST=exatestdb01-atksu1-vip.exaclient.hyd.oraclevcn.com)(PORT=1571))(CONNECT_DATA=(SERVICE_NAME=ebs_EBSPREP)(INSTANCE_NAME=CDBPREP1)(CID=(PROGRAM=sqlplus)(HOST=ebsprepapp01)(USER=ebsprepapp))))

  VERSION INFORMATION:
	TNS for Linux: Version 10.1.0.5.0 - Production
	TCP/IP NT Protocol Adapter for Linux: Version 10.1.0.5.0 - Production
  Time: 30-MAY-2025 15:48:13
  Tracing not turned on.
  Tns error struct:
    ns main err code: 12564
    TNS-12564: TNS:connection refused
    ns secondary err code: 0
    nt main err code: 0
    nt secondary err code: 0
    nt OS err code: 0


***********************************************************************
Fatal NI connect error 12514, connecting to:
 (DESCRIPTION=(ADDRESS=(PROTOCOL=tcp)(HOST=exatestdb01-atksu2-vip.exaclient.hyd.oraclevcn.com)(PORT=1571))(CONNECT_DATA=(SERVICE_NAME=ebs_EBSPREP)(INSTANCE_NAME=CDBPREP2)(CID=(PROGRAM=sqlplus)(HOST=ebsprepapp01)(USER=ebsprepapp))))

  VERSION INFORMATION:
	TNS for Linux: Version 10.1.0.5.0 - Production
	TCP/IP NT Protocol Adapter for Linux: Version 10.1.0.5.0 - Production
  Time: 08-JUN-2025 05:22:36
  Tracing not turned on.
  Tns error struct:
    ns main err code: 12564
    TNS-12564: TNS:connection refused
    ns secondary err code: 0
    nt main err code: 0
    nt secondary err code: 0
    nt OS err code: 0
